17:01:36.460 [main] INFO  com.intuit.karate - [print] {
  "status": "success",
  "data": {
    "name": "testnew",
    "salary": "123",
    "age": "23",
    "id": 3078
  },
  "message": "Successfully! Record has been added."
}
 
17:01:38.258 [main] ERROR com.intuit.karate - classpath:features/create_employee.feature:13
Then status 200
status code was: 429, expected: 200, response time in milliseconds: 1246, url: https://dummy.restapiexample.com/api/v1/create, response: 
{
    "message": "Too Many Attempts."
}
classpath:features/create_employee.feature:13
17:01:38.259 [main] ERROR com.intuit.karate - classpath:features/delete_employee.feature:4
* def createEmployeeResponse = call read("classpath://features//create_employee.feature")
status code was: 429, expected: 200, response time in milliseconds: 1246, url: https://dummy.restapiexample.com/api/v1/create, response: 
{
    "message": "Too Many Attempts."
}
classpath:features/create_employee.feature:13
classpath:features/delete_employee.feature:4
17:01:39.567 [main] ERROR com.intuit.karate - classpath:features/delete_employee.feature:16
Then status 200
status code was: 429, expected: 200, response time in milliseconds: 1284, url: https://dummy.restapiexample.com/api/v1/delete/7, response: 
<!DOCTYPE html>
<html lang="en">
    <head>
        <meta charset="utf-8">
        <meta name="viewport" content="width=device-width, initial-scale=1">

        <title>Too Many Requests</title>

        <!-- Fonts -->
        <link rel="dns-prefetch" href="//fonts.gstatic.com">
        <link href="https://fonts.googleapis.com/css?family=Nunito" rel="stylesheet">

        <!-- Styles -->
        <style>
            html, body {
                background-color: #fff;
                color: #636b6f;
                font-family: 'Nunito', sans-serif;
                font-weight: 100;
                height: 100vh;
                margin: 0;
            }

            .full-height {
                height: 100vh;
            }

            .flex-center {
                align-items: center;
                display: flex;
                justify-content: center;
            }

            .position-ref {
                position: relative;
            }

            .code {
                border-right: 2px solid;
                font-size: 26px;
                padding: 0 15px 0 15px;
                text-align: center;
            }

            .message {
                font-size: 18px;
                text-align: center;
            }
        </style>
    </head>
    <body>
        <div class="flex-center position-ref full-height">
            <div class="code">
                429            </div>

            <div class="message" style="padding: 10px;">
                Too Many Requests            </div>
        </div>
    </body>
</html>

classpath:features/delete_employee.feature:16
17:01:40.901 [main] ERROR com.intuit.karate - classpath:features/get_employee.feature:7
Then status 200
status code was: 429, expected: 200, response time in milliseconds: 1157, url: https://dummy.restapiexample.com/api/v1/employees, response: 
<!DOCTYPE html>
<html lang="en">
    <head>
        <meta charset="utf-8">
        <meta name="viewport" content="width=device-width, initial-scale=1">

        <title>Too Many Requests</title>

        <!-- Fonts -->
        <link rel="dns-prefetch" href="//fonts.gstatic.com">
        <link href="https://fonts.googleapis.com/css?family=Nunito" rel="stylesheet">

        <!-- Styles -->
        <style>
            html, body {
                background-color: #fff;
                color: #636b6f;
                font-family: 'Nunito', sans-serif;
                font-weight: 100;
                height: 100vh;
                margin: 0;
            }

            .full-height {
                height: 100vh;
            }

            .flex-center {
                align-items: center;
                display: flex;
                justify-content: center;
            }

            .position-ref {
                position: relative;
            }

            .code {
                border-right: 2px solid;
                font-size: 26px;
                padding: 0 15px 0 15px;
                text-align: center;
            }

            .message {
                font-size: 18px;
                text-align: center;
            }
        </style>
    </head>
    <body>
        <div class="flex-center position-ref full-height">
            <div class="code">
                429            </div>

            <div class="message" style="padding: 10px;">
                Too Many Requests            </div>
        </div>
    </body>
</html>

classpath:features/get_employee.feature:7
17:01:42.066 [main] ERROR com.intuit.karate - classpath:features/create_employee.feature:13
Then status 200
status code was: 429, expected: 200, response time in milliseconds: 1141, url: https://dummy.restapiexample.com/api/v1/create, response: 
{
    "message": "Too Many Attempts."
}
classpath:features/create_employee.feature:13
17:01:42.068 [main] ERROR com.intuit.karate - classpath:features/get_employee.feature:12
* def createEmployeeResponse = call read("classpath://features//create_employee.feature")
status code was: 429, expected: 200, response time in milliseconds: 1141, url: https://dummy.restapiexample.com/api/v1/create, response: 
{
    "message": "Too Many Attempts."
}
classpath:features/create_employee.feature:13
classpath:features/get_employee.feature:12
17:01:43.419 [main] ERROR com.intuit.karate - classpath:features/get_employee.feature:25
Then status 200
status code was: 429, expected: 200, response time in milliseconds: 1329, url: https://dummy.restapiexample.com/api/v1/employee/5, response: 
<!DOCTYPE html>
<html lang="en">
    <head>
        <meta charset="utf-8">
        <meta name="viewport" content="width=device-width, initial-scale=1">

        <title>Too Many Requests</title>

        <!-- Fonts -->
        <link rel="dns-prefetch" href="//fonts.gstatic.com">
        <link href="https://fonts.googleapis.com/css?family=Nunito" rel="stylesheet">

        <!-- Styles -->
        <style>
            html, body {
                background-color: #fff;
                color: #636b6f;
                font-family: 'Nunito', sans-serif;
                font-weight: 100;
                height: 100vh;
                margin: 0;
            }

            .full-height {
                height: 100vh;
            }

            .flex-center {
                align-items: center;
                display: flex;
                justify-content: center;
            }

            .position-ref {
                position: relative;
            }

            .code {
                border-right: 2px solid;
                font-size: 26px;
                padding: 0 15px 0 15px;
                text-align: center;
            }

            .message {
                font-size: 18px;
                text-align: center;
            }
        </style>
    </head>
    <body>
        <div class="flex-center position-ref full-height">
            <div class="code">
                429            </div>

            <div class="message" style="padding: 10px;">
                Too Many Requests            </div>
        </div>
    </body>
</html>

classpath:features/get_employee.feature:25
17:01:44.800 [main] ERROR com.intuit.karate - classpath:features/create_employee.feature:13
Then status 200
status code was: 429, expected: 200, response time in milliseconds: 1254, url: https://dummy.restapiexample.com/api/v1/create, response: 
{
    "message": "Too Many Attempts."
}
classpath:features/create_employee.feature:13
17:01:44.802 [main] ERROR com.intuit.karate - classpath:features/update_employee.feature:7
* def createEmployeeResponse = call read("classpath://features//create_employee.feature")
status code was: 429, expected: 200, response time in milliseconds: 1254, url: https://dummy.restapiexample.com/api/v1/create, response: 
{
    "message": "Too Many Attempts."
}
classpath:features/create_employee.feature:13
classpath:features/update_employee.feature:7
17:01:45.909 [main] ERROR com.intuit.karate - classpath:features/update_employee.feature:24
Then status 200
status code was: 429, expected: 200, response time in milliseconds: 1084, url: https://dummy.restapiexample.com/api/v1/update/4, response: 
<!DOCTYPE html>
<html lang="en">
    <head>
        <meta charset="utf-8">
        <meta name="viewport" content="width=device-width, initial-scale=1">

        <title>Too Many Requests</title>

        <!-- Fonts -->
        <link rel="dns-prefetch" href="//fonts.gstatic.com">
        <link href="https://fonts.googleapis.com/css?family=Nunito" rel="stylesheet">

        <!-- Styles -->
        <style>
            html, body {
                background-color: #fff;
                color: #636b6f;
                font-family: 'Nunito', sans-serif;
                font-weight: 100;
                height: 100vh;
                margin: 0;
            }

            .full-height {
                height: 100vh;
            }

            .flex-center {
                align-items: center;
                display: flex;
                justify-content: center;
            }

            .position-ref {
                position: relative;
            }

            .code {
                border-right: 2px solid;
                font-size: 26px;
                padding: 0 15px 0 15px;
                text-align: center;
            }

            .message {
                font-size: 18px;
                text-align: center;
            }
        </style>
    </head>
    <body>
        <div class="flex-center position-ref full-height">
            <div class="code">
                429            </div>

            <div class="message" style="padding: 10px;">
                Too Many Requests            </div>
        </div>
    </body>
</html>

classpath:features/update_employee.feature:24
